0 info it worked if it ends with ok
1 verbose cli [ '/Users/mo/.nvm/versions/node/v6.3.0/bin/node',
1 verbose cli   '/Users/mo/.nvm/versions/node/v6.3.0/bin/npm',
1 verbose cli   'start' ]
2 info using npm@3.10.3
3 info using node@v6.3.0
4 verbose run-script [ 'prestart', 'start', 'poststart' ]
5 info lifecycle material-ui-example-webpack@0.16.4~prestart: material-ui-example-webpack@0.16.4
6 silly lifecycle material-ui-example-webpack@0.16.4~prestart: no script for prestart, continuing
7 info lifecycle material-ui-example-webpack@0.16.4~start: material-ui-example-webpack@0.16.4
8 verbose lifecycle material-ui-example-webpack@0.16.4~start: unsafe-perm in lifecycle true
9 verbose lifecycle material-ui-example-webpack@0.16.4~start: PATH: /Users/mo/.nvm/versions/node/v6.3.0/lib/node_modules/npm/bin/node-gyp-bin:/Users/mo/material-ui-webpack-example/node_modules/.bin:/Users/mo/.nvm/versions/node/v6.3.0/bin:/Library/Frameworks/Python.framework/Versions/3.6/bin:/Users/mo/.nvm/versions/node/v6.3.0/bin:/usr/local/cuda/bin:/Users/mo/.workspace/homebrew/bin:/Users/mo/.workspace/bash/bin:/usr/local/bin:/usr/bin:/bin:/usr/sbin:/sbin:/opt/X11/bin:/Library/TeX/texbin:/Users/mo/.fzf/bin
10 verbose lifecycle material-ui-example-webpack@0.16.4~start: CWD: /Users/mo/material-ui-webpack-example
11 silly lifecycle material-ui-example-webpack@0.16.4~start: Args: [ '-c',
11 silly lifecycle   'webpack-dev-server --config webpack-dev-server.config.js --progress --inline --colors' ]
12 silly lifecycle material-ui-example-webpack@0.16.4~start: Returned: code: 1  signal: null
13 info lifecycle material-ui-example-webpack@0.16.4~start: Failed to exec start script
14 verbose stack Error: material-ui-example-webpack@0.16.4 start: `webpack-dev-server --config webpack-dev-server.config.js --progress --inline --colors`
14 verbose stack Exit status 1
14 verbose stack     at EventEmitter.<anonymous> (/Users/mo/.nvm/versions/node/v6.3.0/lib/node_modules/npm/lib/utils/lifecycle.js:242:16)
14 verbose stack     at emitTwo (events.js:106:13)
14 verbose stack     at EventEmitter.emit (events.js:191:7)
14 verbose stack     at ChildProcess.<anonymous> (/Users/mo/.nvm/versions/node/v6.3.0/lib/node_modules/npm/lib/utils/spawn.js:40:14)
14 verbose stack     at emitTwo (events.js:106:13)
14 verbose stack     at ChildProcess.emit (events.js:191:7)
14 verbose stack     at maybeClose (internal/child_process.js:852:16)
14 verbose stack     at Process.ChildProcess._handle.onexit (internal/child_process.js:215:5)
15 verbose pkgid material-ui-example-webpack@0.16.4
16 verbose cwd /Users/mo/material-ui-webpack-example
17 error Darwin 16.7.0
18 error argv "/Users/mo/.nvm/versions/node/v6.3.0/bin/node" "/Users/mo/.nvm/versions/node/v6.3.0/bin/npm" "start"
19 error node v6.3.0
20 error npm  v3.10.3
21 error code ELIFECYCLE
22 error material-ui-example-webpack@0.16.4 start: `webpack-dev-server --config webpack-dev-server.config.js --progress --inline --colors`
22 error Exit status 1
23 error Failed at the material-ui-example-webpack@0.16.4 start script 'webpack-dev-server --config webpack-dev-server.config.js --progress --inline --colors'.
23 error Make sure you have the latest version of node.js and npm installed.
23 error If you do, this is most likely a problem with the material-ui-example-webpack package,
23 error not with npm itself.
23 error Tell the author that this fails on your system:
23 error     webpack-dev-server --config webpack-dev-server.config.js --progress --inline --colors
23 error You can get information on how to open an issue for this project with:
23 error     npm bugs material-ui-example-webpack
23 error Or if that isn't available, you can get their info via:
23 error     npm owner ls material-ui-example-webpack
23 error There is likely additional logging output above.
24 verbose exit [ 1, true ]
